<?xml version="1.0" encoding="UTF-8"?>
<testsuite name="com.bridgelab.UserRegistrationTest" tests="23" skipped="0" failures="0" errors="0" timestamp="2021-08-05T17:41:19" hostname="DESKTOP-E4UM7PR" time="0.045">
  <properties/>
  <testcase name="givenFirstName_WithNumberOrSpecialChar_ShouldReturnFalse" classname="com.bridgelab.UserRegistrationTest" time="0.003"/>
  <testcase name="givenMail_WithOptionalTld_ShouldReturnTrue" classname="com.bridgelab.UserRegistrationTest" time="0.0"/>
  <testcase name="givenLastName_WhenValid_ShouldReturnTrue" classname="com.bridgelab.UserRegistrationTest" time="0.001"/>
  <testcase name="givenPassword_WhenNoNumber_ShouldReturnFalse" classname="com.bridgelab.UserRegistrationTest" time="0.001"/>
  <testcase name="givenLastName_WhenStartingNotCapital_ShouldReturnFalse" classname="com.bridgelab.UserRegistrationTest" time="0.0"/>
  <testcase name="givenMail_WithOptionalUserName_ShouldReturnTrue" classname="com.bridgelab.UserRegistrationTest" time="0.001"/>
  <testcase name="givenMail_WhenValid_ShouldReturnTrue" classname="com.bridgelab.UserRegistrationTest" time="0.002"/>
  <testcase name="givenMobileNumber_WhenValid_ShouldReturnTrue" classname="com.bridgelab.UserRegistrationTest" time="0.001"/>
  <testcase name="givenFirstName_WhenValid_ShouldReturnTrue" classname="com.bridgelab.UserRegistrationTest" time="0.0"/>
  <testcase name="givenLastName_WhenShort_ShouldReturnFalse" classname="com.bridgelab.UserRegistrationTest" time="0.001"/>
  <testcase name="givenPassword_WhenNoUpperCase_ShouldReturnFalse" classname="com.bridgelab.UserRegistrationTest" time="0.001"/>
  <testcase name="givenPassword_WhenValid_ShouldReturnTrue" classname="com.bridgelab.UserRegistrationTest" time="0.001"/>
  <testcase name="givenPassword_WhenShort_ShouldReturnFalse" classname="com.bridgelab.UserRegistrationTest" time="0.001"/>
  <testcase name="givenFirstName_WhenStartingNotCapital_ShouldReturnFalse" classname="com.bridgelab.UserRegistrationTest" time="0.003"/>
  <testcase name="givenMobileNumber_WhenNoCountryCode_ShouldReturnFalse" classname="com.bridgelab.UserRegistrationTest" time="0.001"/>
  <testcase name="givenMail_WithoutUserName_ShouldReturnFalse" classname="com.bridgelab.UserRegistrationTest" time="0.003"/>
  <testcase name="givenMail_WithoutMainTld_ShouldReturnFalse" classname="com.bridgelab.UserRegistrationTest" time="0.001"/>
  <testcase name="givenMail_WithoutAtTheRate_ShouldReturnFalse" classname="com.bridgelab.UserRegistrationTest" time="0.002"/>
  <testcase name="givenMobileNumber_WhenShort_ShouldReturnFalse" classname="com.bridgelab.UserRegistrationTest" time="0.001"/>
  <testcase name="givenFirstName_WhenShort_ShouldReturnFalse" classname="com.bridgelab.UserRegistrationTest" time="0.002"/>
  <testcase name="givenMail_WithoutDomainName_ShouldReturnFalse" classname="com.bridgelab.UserRegistrationTest" time="0.001"/>
  <testcase name="givenLastName_WithNumberOrSpecialChar_ShouldReturnFalse" classname="com.bridgelab.UserRegistrationTest" time="0.0"/>
  <testcase name="givenPassword_With2SpecialChar_ShouldReturnFalse" classname="com.bridgelab.UserRegistrationTest" time="0.001"/>
  <system-out><![CDATA[]]></system-out>
  <system-err><![CDATA[]]></system-err>
</testsuite>
